Vivado Simulator 2017.4
Time resolution is 1 ps
 Block Memory Generator module loading initial data...
 Block Memory Generator data initialization complete.
Block Memory Generator module sim.mips_top.ins.inst.native_mem_module.blk_mem_gen_v8_4_1_inst is using a behavioral model for simulation which will not precisely model memory collision behavior.
 Block Memory Generator module loading initial data...
 Block Memory Generator data initialization complete.
Block Memory Generator module sim.mips_top.data.inst.native_mem_module.blk_mem_gen_v8_4_1_inst is using a behavioral model for simulation which will not precisely model memory collision behavior.
Stopped at time : 2 ns : File "C:/Users/xiao/Desktop/Vivado/rom/rom.srcs/sources_1/new/top.v" Line 38
Stopped at time : 6 ns : File "C:/Users/xiao/Desktop/Vivado/rom/rom.srcs/sources_1/new/top.v" Line 38
Stopped at time : 10 ns : File "C:/Users/xiao/Desktop/Vivado/rom/rom.srcs/sources_1/new/top.v" Line 38
Stopped at time : 14 ns : File "C:/Users/xiao/Desktop/Vivado/rom/rom.srcs/sources_1/new/top.v" Line 38
Stopped at time : 18 ns : File "C:/Users/xiao/Desktop/Vivado/rom/rom.srcs/sources_1/new/top.v" Line 38
Stopped at time : 22 ns : File "C:/Users/xiao/Desktop/Vivado/rom/rom.srcs/sources_1/new/top.v" Line 38
Stopped at time : 26 ns : File "C:/Users/xiao/Desktop/Vivado/rom/rom.srcs/sources_1/new/top.v" Line 38
Stopped at time : 30 ns : File "C:/Users/xiao/Desktop/Vivado/rom/rom.srcs/sources_1/new/top.v" Line 38
Stopped at time : 34 ns : File "C:/Users/xiao/Desktop/Vivado/rom/rom.srcs/sources_1/new/top.v" Line 38
Stopped at time : 38 ns : File "C:/Users/xiao/Desktop/Vivado/rom/rom.srcs/sources_1/new/top.v" Line 38
Stopped at time : 42 ns : File "C:/Users/xiao/Desktop/Vivado/rom/rom.srcs/sources_1/new/top.v" Line 38
Stopped at time : 46 ns : File "C:/Users/xiao/Desktop/Vivado/rom/rom.srcs/sources_1/new/top.v" Line 38
Stopped at time : 50 ns : File "C:/Users/xiao/Desktop/Vivado/rom/rom.srcs/sources_1/new/top.v" Line 38
Stopped at time : 54 ns : File "C:/Users/xiao/Desktop/Vivado/rom/rom.srcs/sources_1/new/top.v" Line 38
Stopped at time : 58 ns : File "C:/Users/xiao/Desktop/Vivado/rom/rom.srcs/sources_1/new/top.v" Line 38
Stopped at time : 62 ns : File "C:/Users/xiao/Desktop/Vivado/rom/rom.srcs/sources_1/new/top.v" Line 38
Stopped at time : 66 ns : File "C:/Users/xiao/Desktop/Vivado/rom/rom.srcs/sources_1/new/top.v" Line 38
Stopped at time : 70 ns : File "C:/Users/xiao/Desktop/Vivado/rom/rom.srcs/sources_1/new/top.v" Line 38
