Copyright 1986-2017 Xilinx, Inc. All Rights Reserved.
------------------------------------------------------------------------------------
| Tool Version : Vivado v.2017.4 (win64) Build 2086221 Fri Dec 15 20:55:39 MST 2017
| Date         : Mon Dec 14 22:11:57 2020
| Host         : XIAOE822 running 64-bit major release  (build 9200)
| Command      : report_control_sets -verbose -file top_control_sets_placed.rpt
| Design       : top
| Device       : xc7a35t
------------------------------------------------------------------------------------

Control Set Information

Table of Contents
-----------------
1. Summary
2. Flip-Flop Distribution
3. Detailed Control Set Information

1. Summary
----------

+----------------------------------------------------------+-------+
|                          Status                          | Count |
+----------------------------------------------------------+-------+
| Number of unique control sets                            |     4 |
| Unused register locations in slices containing registers |    10 |
+----------------------------------------------------------+-------+


2. Flip-Flop Distribution
-------------------------

+--------------+-----------------------+------------------------+-----------------+--------------+
| Clock Enable | Synchronous Set/Reset | Asynchronous Set/Reset | Total Registers | Total Slices |
+--------------+-----------------------+------------------------+-----------------+--------------+
| No           | No                    | No                     |              10 |            4 |
| No           | No                    | Yes                    |              21 |            6 |
| No           | Yes                   | No                     |              39 |           10 |
| Yes          | No                    | No                     |               0 |            0 |
| Yes          | No                    | Yes                    |               0 |            0 |
| Yes          | Yes                   | No                     |               0 |            0 |
+--------------+-----------------------+------------------------+-----------------+--------------+


3. Detailed Control Set Information
-----------------------------------

+------------------------+---------------+------------------+------------------+----------------+
|      Clock Signal      | Enable Signal | Set/Reset Signal | Slice Load Count | Bel Load Count |
+------------------------+---------------+------------------+------------------+----------------+
|  divider/pc_val_reg[2] |               | rst_IBUF         |                2 |              8 |
|  clk_IBUF_BUFG         |               |                  |                4 |             10 |
|  clk_IBUF_BUFG         |               | rst_IBUF         |                6 |             21 |
|  clk_IBUF_BUFG         |               | divider/div_clk  |                8 |             31 |
+------------------------+---------------+------------------+------------------+----------------+


+--------+-----------------------+
| Fanout | Number of ControlSets |
+--------+-----------------------+
| 8      |                     1 |
| 10     |                     1 |
| 16+    |                     2 |
+--------+-----------------------+


